* Starting client
* Connecting to master process on port 2869
* Analyzing classpath: 
  - C:\Users\ronys\git\fastjson\target\test-classes
  - C:\Users\ronys\git\fastjson\target\classes
  - C:\Users\ronys\.m2\repository\javax\servlet\javax.servlet-api\3.1.0\javax.servlet-api-3.1.0.jar
  - C:\Users\ronys\.m2\repository\javax\ws\rs\javax.ws.rs-api\2.0.1\javax.ws.rs-api-2.0.1.jar
  - C:\Users\ronys\.m2\repository\org\apache\cxf\cxf-rt-transports-http\3.1.2\cxf-rt-transports-http-3.1.2.jar
  - C:\Users\ronys\.m2\repository\org\apache\cxf\cxf-core\3.1.2\cxf-core-3.1.2.jar
  - C:\Users\ronys\.m2\repository\org\codehaus\woodstox\woodstox-core-asl\4.4.1\woodstox-core-asl-4.4.1.jar
  - C:\Users\ronys\.m2\repository\org\codehaus\woodstox\stax2-api\3.1.4\stax2-api-3.1.4.jar
  - C:\Users\ronys\.m2\repository\org\apache\ws\xmlschema\xmlschema-core\2.2.1\xmlschema-core-2.2.1.jar
  - C:\Users\ronys\.m2\repository\org\apache\cxf\cxf-rt-frontend-jaxrs\3.1.2\cxf-rt-frontend-jaxrs-3.1.2.jar
  - C:\Users\ronys\.m2\repository\javax\annotation\javax.annotation-api\1.2\javax.annotation-api-1.2.jar
  - C:\Users\ronys\.m2\repository\org\springframework\spring-websocket\4.3.7.RELEASE\spring-websocket-4.3.7.RELEASE.jar
  - C:\Users\ronys\.m2\repository\org\springframework\spring-context\4.3.7.RELEASE\spring-context-4.3.7.RELEASE.jar
  - C:\Users\ronys\.m2\repository\org\springframework\spring-core\4.3.7.RELEASE\spring-core-4.3.7.RELEASE.jar
  - C:\Users\ronys\.m2\repository\org\springframework\spring-web\4.3.7.RELEASE\spring-web-4.3.7.RELEASE.jar
  - C:\Users\ronys\.m2\repository\org\springframework\spring-webmvc\4.3.7.RELEASE\spring-webmvc-4.3.7.RELEASE.jar
  - C:\Users\ronys\.m2\repository\org\springframework\spring-aop\4.3.7.RELEASE\spring-aop-4.3.7.RELEASE.jar
  - C:\Users\ronys\.m2\repository\org\springframework\spring-beans\4.3.7.RELEASE\spring-beans-4.3.7.RELEASE.jar
  - C:\Users\ronys\.m2\repository\org\springframework\spring-expression\4.3.7.RELEASE\spring-expression-4.3.7.RELEASE.jar
  - C:\Users\ronys\.m2\repository\org\springframework\spring-messaging\4.3.7.RELEASE\spring-messaging-4.3.7.RELEASE.jar
  - C:\Users\ronys\.m2\repository\org\springframework\data\spring-data-redis\1.8.6.RELEASE\spring-data-redis-1.8.6.RELEASE.jar
  - C:\Users\ronys\.m2\repository\org\springframework\data\spring-data-keyvalue\1.2.6.RELEASE\spring-data-keyvalue-1.2.6.RELEASE.jar
  - C:\Users\ronys\.m2\repository\org\springframework\spring-tx\4.3.10.RELEASE\spring-tx-4.3.10.RELEASE.jar
  - C:\Users\ronys\.m2\repository\org\springframework\spring-oxm\4.3.10.RELEASE\spring-oxm-4.3.10.RELEASE.jar
  - C:\Users\ronys\.m2\repository\org\springframework\spring-context-support\4.3.10.RELEASE\spring-context-support-4.3.10.RELEASE.jar
  - C:\Users\ronys\.m2\repository\org\slf4j\slf4j-api\1.7.25\slf4j-api-1.7.25.jar
  - C:\Users\ronys\.m2\repository\org\slf4j\jcl-over-slf4j\1.7.25\jcl-over-slf4j-1.7.25.jar
  - C:\Users\ronys\.m2\repository\com\squareup\retrofit2\retrofit\2.5.0\retrofit-2.5.0.jar
  - C:\Users\ronys\.m2\repository\com\squareup\okhttp3\okhttp\3.6.0\okhttp-3.6.0.jar
  - C:\Users\ronys\.m2\repository\com\squareup\okio\okio\1.11.0\okio-1.11.0.jar
  - C:\Users\ronys\.m2\repository\io\springfox\springfox-spring-web\2.6.1\springfox-spring-web-2.6.1.jar
  - C:\Users\ronys\.m2\repository\com\google\guava\guava\18.0\guava-18.0.jar
  - C:\Users\ronys\.m2\repository\com\fasterxml\classmate\1.3.1\classmate-1.3.1.jar
  - C:\Users\ronys\.m2\repository\org\springframework\plugin\spring-plugin-core\1.2.0.RELEASE\spring-plugin-core-1.2.0.RELEASE.jar
  - C:\Users\ronys\.m2\repository\org\springframework\plugin\spring-plugin-metadata\1.2.0.RELEASE\spring-plugin-metadata-1.2.0.RELEASE.jar
  - C:\Users\ronys\.m2\repository\io\springfox\springfox-spi\2.6.1\springfox-spi-2.6.1.jar
  - C:\Users\ronys\.m2\repository\io\springfox\springfox-core\2.6.1\springfox-core-2.6.1.jar
  - C:\Users\ronys\.m2\repository\io\javaslang\javaslang\2.0.6\javaslang-2.0.6.jar
  - C:\Users\ronys\.m2\repository\io\javaslang\javaslang-match\2.0.6\javaslang-match-2.0.6.jar
  - C:\Users\ronys\.m2\repository\org\glassfish\jersey\core\jersey-common\2.23.2\jersey-common-2.23.2.jar
  - C:\Users\ronys\.m2\repository\org\glassfish\jersey\bundles\repackaged\jersey-guava\2.23.2\jersey-guava-2.23.2.jar
  - C:\Users\ronys\.m2\repository\org\glassfish\hk2\hk2-api\2.5.0-b05\hk2-api-2.5.0-b05.jar
  - C:\Users\ronys\.m2\repository\org\glassfish\hk2\hk2-utils\2.5.0-b05\hk2-utils-2.5.0-b05.jar
  - C:\Users\ronys\.m2\repository\org\glassfish\hk2\external\aopalliance-repackaged\2.5.0-b05\aopalliance-repackaged-2.5.0-b05.jar
  - C:\Users\ronys\.m2\repository\org\glassfish\hk2\external\javax.inject\2.5.0-b05\javax.inject-2.5.0-b05.jar
  - C:\Users\ronys\.m2\repository\org\glassfish\hk2\hk2-locator\2.5.0-b05\hk2-locator-2.5.0-b05.jar
  - C:\Users\ronys\.m2\repository\org\glassfish\hk2\osgi-resource-locator\1.0.1\osgi-resource-locator-1.0.1.jar
  - C:\Users\ronys\.m2\repository\joda-time\joda-time\2.10\joda-time-2.10.jar
  - C:\Users\ronys\.m2\repository\net\sf\trove4j\core\3.1.0\core-3.1.0.jar
  - C:\Users\ronys\.m2\repository\org\javamoney\moneta\moneta-core\1.3\moneta-core-1.3.jar
  - C:\Users\ronys\.m2\repository\javax\money\money-api\1.0.3\money-api-1.0.3.jar
  - C:\Users\ronys\.m2\repository\io\airlift\slice\0.36\slice-0.36.jar
  - C:\Users\ronys\.m2\repository\org\openjdk\jol\jol-core\0.2\jol-core-0.2.jar
  - C:\Users\ronys\.m2\repository\org\eclipse\jetty\jetty-server\9.4.17.v20190418\jetty-server-9.4.17.v20190418.jar
  - C:\Users\ronys\.m2\repository\org\eclipse\jetty\jetty-http\9.4.17.v20190418\jetty-http-9.4.17.v20190418.jar
  - C:\Users\ronys\.m2\repository\org\eclipse\jetty\jetty-util\9.4.17.v20190418\jetty-util-9.4.17.v20190418.jar
  - C:\Users\ronys\.m2\repository\org\eclipse\jetty\jetty-io\9.4.17.v20190418\jetty-io-9.4.17.v20190418.jar
  - C:\Users\ronys\.m2\repository\org\eclipse\jetty\jetty-webapp\9.4.17.v20190418\jetty-webapp-9.4.17.v20190418.jar
  - C:\Users\ronys\.m2\repository\org\eclipse\jetty\jetty-xml\9.4.17.v20190418\jetty-xml-9.4.17.v20190418.jar
  - C:\Users\ronys\.m2\repository\org\eclipse\jetty\jetty-servlet\9.4.17.v20190418\jetty-servlet-9.4.17.v20190418.jar
  - C:\Users\ronys\.m2\repository\org\eclipse\jetty\jetty-security\9.4.17.v20190418\jetty-security-9.4.17.v20190418.jar
  - C:\Users\ronys\.m2\repository\junit\junit\4.12\junit-4.12.jar
  - C:\Users\ronys\.m2\repository\org\hamcrest\hamcrest-core\1.3\hamcrest-core-1.3.jar
  - C:\Users\ronys\.m2\repository\com\fasterxml\jackson\core\jackson-databind\2.10.0\jackson-databind-2.10.0.jar
  - C:\Users\ronys\.m2\repository\com\fasterxml\jackson\core\jackson-annotations\2.10.0\jackson-annotations-2.10.0.jar
  - C:\Users\ronys\.m2\repository\com\fasterxml\jackson\core\jackson-core\2.10.0\jackson-core-2.10.0.jar
  - C:\Users\ronys\.m2\repository\com\fasterxml\jackson\module\jackson-module-afterburner\2.10.0\jackson-module-afterburner-2.10.0.jar
  - C:\Users\ronys\.m2\repository\com\fasterxml\jackson\module\jackson-module-kotlin\2.9.10\jackson-module-kotlin-2.9.10.jar
  - C:\Users\ronys\.m2\repository\cglib\cglib-nodep\2.2.2\cglib-nodep-2.2.2.jar
  - C:\Users\ronys\.m2\repository\com\fasterxml\jackson\jaxrs\jackson-jaxrs-json-provider\2.9.10\jackson-jaxrs-json-provider-2.9.10.jar
  - C:\Users\ronys\.m2\repository\com\fasterxml\jackson\jaxrs\jackson-jaxrs-base\2.9.10\jackson-jaxrs-base-2.9.10.jar
  - C:\Users\ronys\.m2\repository\com\fasterxml\jackson\module\jackson-module-jaxb-annotations\2.9.10\jackson-module-jaxb-annotations-2.9.10.jar
  - C:\Users\ronys\.m2\repository\com\googlecode\json-simple\json-simple\1.1.1\json-simple-1.1.1.jar
  - C:\Users\ronys\.m2\repository\commons-io\commons-io\1.4\commons-io-1.4.jar
  - C:\Users\ronys\.m2\repository\net\sf\json-lib\json-lib\2.4\json-lib-2.4-jdk15.jar
  - C:\Users\ronys\.m2\repository\commons-beanutils\commons-beanutils\1.8.0\commons-beanutils-1.8.0.jar
  - C:\Users\ronys\.m2\repository\commons-collections\commons-collections\3.2.1\commons-collections-3.2.1.jar
  - C:\Users\ronys\.m2\repository\commons-lang\commons-lang\2.5\commons-lang-2.5.jar
  - C:\Users\ronys\.m2\repository\commons-logging\commons-logging\1.1.1\commons-logging-1.1.1.jar
  - C:\Users\ronys\.m2\repository\net\sf\ezmorph\ezmorph\1.0.6\ezmorph-1.0.6.jar
  - C:\Users\ronys\.m2\repository\com\google\code\gson\gson\2.6.2\gson-2.6.2.jar
  - C:\Users\ronys\.m2\repository\net\minidev\json-smart\2.2.1\json-smart-2.2.1.jar
  - C:\Users\ronys\.m2\repository\net\minidev\accessors-smart\1.1\accessors-smart-1.1.jar
  - C:\Users\ronys\.m2\repository\org\clojure\clojure\1.5.1\clojure-1.5.1.jar
  - C:\Users\ronys\.m2\repository\org\codehaus\groovy\groovy\2.1.5\groovy-2.1.5.jar
  - C:\Users\ronys\.m2\repository\antlr\antlr\2.7.7\antlr-2.7.7.jar
  - C:\Users\ronys\.m2\repository\org\ow2\asm\asm-tree\4.0\asm-tree-4.0.jar
  - C:\Users\ronys\.m2\repository\org\ow2\asm\asm-commons\4.0\asm-commons-4.0.jar
  - C:\Users\ronys\.m2\repository\org\ow2\asm\asm\4.0\asm-4.0.jar
  - C:\Users\ronys\.m2\repository\org\ow2\asm\asm-util\4.0\asm-util-4.0.jar
  - C:\Users\ronys\.m2\repository\org\ow2\asm\asm-analysis\4.0\asm-analysis-4.0.jar
  - C:\Users\ronys\.m2\repository\org\springframework\spring-test\4.3.7.RELEASE\spring-test-4.3.7.RELEASE.jar
  - C:\Users\ronys\.m2\repository\org\javassist\javassist\3.18.0-GA\javassist-3.18.0-GA.jar
  - C:\Users\ronys\.m2\repository\org\apache\cxf\cxf-rt-rs-client\3.1.2\cxf-rt-rs-client-3.1.2.jar
  - C:\Users\ronys\.m2\repository\org\springframework\data\spring-data-commons\2.1.2.RELEASE\spring-data-commons-2.1.2.RELEASE.jar
  - C:\Users\ronys\.m2\repository\org\glassfish\jersey\containers\jersey-container-servlet\2.23.2\jersey-container-servlet-2.23.2.jar
  - C:\Users\ronys\.m2\repository\org\glassfish\jersey\containers\jersey-container-servlet-core\2.23.2\jersey-container-servlet-core-2.23.2.jar
  - C:\Users\ronys\.m2\repository\org\glassfish\jersey\core\jersey-server\2.23.2\jersey-server-2.23.2.jar
  - C:\Users\ronys\.m2\repository\org\glassfish\jersey\media\jersey-media-jaxb\2.23.2\jersey-media-jaxb-2.23.2.jar
  - C:\Users\ronys\.m2\repository\javax\validation\validation-api\1.1.0.Final\validation-api-1.1.0.Final.jar
  - C:\Users\ronys\.m2\repository\org\glassfish\jersey\core\jersey-client\2.23.2\jersey-client-2.23.2.jar
  - C:\Users\ronys\.m2\repository\org\glassfish\jersey\test-framework\providers\jersey-test-framework-provider-jdk-http\2.23.2\jersey-test-framework-provider-jdk-http-2.23.2.jar
  - C:\Users\ronys\.m2\repository\org\glassfish\jersey\test-framework\jersey-test-framework-core\2.23.2\jersey-test-framework-core-2.23.2.jar
  - C:\Users\ronys\.m2\repository\org\glassfish\jersey\containers\jersey-container-jdk-http\2.23.2\jersey-container-jdk-http-2.23.2.jar
  - C:\Users\ronys\.m2\repository\org\ow2\asm\asm-debug-all\5.0.4\asm-debug-all-5.0.4.jar
  - C:\Users\ronys\.m2\repository\org\glassfish\jersey\media\jersey-media-json-jackson\2.23.2\jersey-media-json-jackson-2.23.2.jar
  - C:\Users\ronys\.m2\repository\org\glassfish\jersey\ext\jersey-entity-filtering\2.23.2\jersey-entity-filtering-2.23.2.jar
  - C:\Users\ronys\.m2\repository\com\jsoniter\jsoniter\0.9.8\jsoniter-0.9.8.jar
  - C:\Users\ronys\.m2\repository\org\apache\commons\commons-lang3\3.5\commons-lang3-3.5.jar
  - C:\Users\ronys\.m2\repository\org\hibernate\hibernate-core\5.2.10.Final\hibernate-core-5.2.10.Final.jar
  - C:\Users\ronys\.m2\repository\org\jboss\logging\jboss-logging\3.3.0.Final\jboss-logging-3.3.0.Final.jar
  - C:\Users\ronys\.m2\repository\org\hibernate\javax\persistence\hibernate-jpa-2.1-api\1.0.0.Final\hibernate-jpa-2.1-api-1.0.0.Final.jar
  - C:\Users\ronys\.m2\repository\org\jboss\spec\javax\transaction\jboss-transaction-api_1.2_spec\1.0.1.Final\jboss-transaction-api_1.2_spec-1.0.1.Final.jar
  - C:\Users\ronys\.m2\repository\org\jboss\jandex\2.0.3.Final\jandex-2.0.3.Final.jar
  - C:\Users\ronys\.m2\repository\dom4j\dom4j\1.6.1\dom4j-1.6.1.jar
  - C:\Users\ronys\.m2\repository\org\hibernate\common\hibernate-commons-annotations\5.0.1.Final\hibernate-commons-annotations-5.0.1.Final.jar
  - C:\Users\ronys\.m2\repository\com\jayway\jsonpath\json-path\2.3.0\json-path-2.3.0.jar
  - C:\Users\ronys\.m2\repository\org\jetbrains\kotlin\kotlin-stdlib\1.1.51\kotlin-stdlib-1.1.51.jar
  - C:\Users\ronys\.m2\repository\org\jetbrains\annotations\13.0\annotations-13.0.jar
  - C:\Users\ronys\.m2\repository\org\jetbrains\kotlin\kotlin-reflect\1.1.51\kotlin-reflect-1.1.51.jar
  - C:\Users\ronys\.m2\repository\org\springframework\security\spring-security-web\4.2.3.RELEASE\spring-security-web-4.2.3.RELEASE.jar
  - C:\Users\ronys\.m2\repository\aopalliance\aopalliance\1.0\aopalliance-1.0.jar
  - C:\Users\ronys\.m2\repository\org\springframework\security\spring-security-core\4.2.3.RELEASE\spring-security-core-4.2.3.RELEASE.jar
  - C:\Users\ronys\.m2\repository\org\apache\commons\commons-collections4\4.1\commons-collections4-4.1.jar
  - C:\Users\ronys\.m2\repository\org\mockito\mockito-all\1.10.19\mockito-all-1.10.19.jar
  - C:\Users\ronys\.m2\repository\com\diffblue\deeptestutils\1.1.0\deeptestutils-1.1.0.jar
  - C:\Users\ronys\.m2\repository\org\objenesis\objenesis\2.5.1\objenesis-2.5.1.jar
  - C:\Users\ronys\.m2\repository\org\mockito\mockito-core\1.10.19\mockito-core-1.10.19.jar
  - C:\Users\ronys\.m2\repository\org\projectlombok\lombok\1.18.4\lombok-1.18.4.jar
  - C:\Users\ronys\.m2\repository\org\openjdk\jmh\jmh-core\1.21\jmh-core-1.21.jar
  - C:\Users\ronys\.m2\repository\net\sf\jopt-simple\jopt-simple\4.6\jopt-simple-4.6.jar
  - C:\Users\ronys\.m2\repository\org\apache\commons\commons-math3\3.2\commons-math3-3.2.jar
  - C:\Users\ronys\.m2\repository\org\openjdk\jmh\jmh-generator-annprocess\1.21\jmh-generator-annprocess-1.21.jar
  - C:\Users\ronys\.m2\repository\org\springframework\security\oauth\spring-security-oauth2\2.3.5.RELEASE\spring-security-oauth2-2.3.5.RELEASE.jar
  - C:\Users\ronys\.m2\repository\org\springframework\security\spring-security-config\3.2.10.RELEASE\spring-security-config-3.2.10.RELEASE.jar
  - C:\Users\ronys\.m2\repository\org\codehaus\jackson\jackson-mapper-asl\1.9.13\jackson-mapper-asl-1.9.13.jar
  - C:\Users\ronys\.m2\repository\org\codehaus\jackson\jackson-core-asl\1.9.13\jackson-core-asl-1.9.13.jar
  - C:\Users\ronys\.m2\repository\org\gitlab4j\gitlab4j-api\4.8.42\gitlab4j-api-4.8.42.jar
  - C:\Users\ronys\.m2\repository\javax\xml\bind\jaxb-api\2.3.0\jaxb-api-2.3.0.jar
  - C:\Users\ronys\.m2\repository\com\sun\activation\javax.activation\1.2.0\javax.activation-1.2.0.jar
  - C:\Users\ronys\.m2\repository\org\glassfish\jersey\inject\jersey-hk2\2.27\jersey-hk2-2.27.jar
  - C:\Users\ronys\.m2\repository\org\glassfish\jersey\connectors\jersey-apache-connector\2.27\jersey-apache-connector-2.27.jar
  - C:\Users\ronys\.m2\repository\org\apache\httpcomponents\httpclient\4.5\httpclient-4.5.jar
  - C:\Users\ronys\.m2\repository\org\apache\httpcomponents\httpcore\4.4.1\httpcore-4.4.1.jar
  - C:\Users\ronys\.m2\repository\org\glassfish\jersey\media\jersey-media-multipart\2.27\jersey-media-multipart-2.27.jar
  - C:\Users\ronys\.m2\repository\org\jvnet\mimepull\mimepull\1.9.6\mimepull-1.9.6.jar
  - C:\Users\ronys\.m2\repository\org\json\json\20180130\json-20180130.jar
  - C:\Users\ronys\.m2\repository\com\chinamobile\cmos\sms-core\2.1.9\sms-core-2.1.9.jar
  - C:\Users\ronys\.m2\repository\de\ruedigermoeller\fst\2.48-jdk-6\fst-2.48-jdk-6.jar
  - C:\Users\ronys\.m2\repository\com\cedarsoftware\java-util\1.9.0\java-util-1.9.0.jar
  - C:\Users\ronys\.m2\repository\commons-codec\commons-codec\1.11\commons-codec-1.11.jar
  - C:\Users\ronys\.m2\repository\io\netty\netty-transport\4.1.33.Final\netty-transport-4.1.33.Final.jar
  - C:\Users\ronys\.m2\repository\io\netty\netty-common\4.1.33.Final\netty-common-4.1.33.Final.jar
  - C:\Users\ronys\.m2\repository\io\netty\netty-buffer\4.1.33.Final\netty-buffer-4.1.33.Final.jar
  - C:\Users\ronys\.m2\repository\io\netty\netty-resolver\4.1.33.Final\netty-resolver-4.1.33.Final.jar
  - C:\Users\ronys\.m2\repository\io\netty\netty-codec\4.1.33.Final\netty-codec-4.1.33.Final.jar
  - C:\Users\ronys\.m2\repository\io\netty\netty-handler-proxy\4.1.33.Final\netty-handler-proxy-4.1.33.Final.jar
  - C:\Users\ronys\.m2\repository\io\netty\netty-codec-socks\4.1.33.Final\netty-codec-socks-4.1.33.Final.jar
  - C:\Users\ronys\.m2\repository\io\netty\netty-codec-http\4.1.33.Final\netty-codec-http-4.1.33.Final.jar
  - C:\Users\ronys\.m2\repository\io\netty\netty-handler\4.1.33.Final\netty-handler-4.1.33.Final.jar
  - C:\Users\ronys\.m2\repository\com\sleepycat\je\5.0.73\je-5.0.73.jar
* Finished analyzing classpath
* Generating tests for class com.alibaba.fastjson.util.TypeUtils
* Test criteria:
  - Line Coverage
  - Branch Coverage
  - Exception
  - Mutation testing (weak)
  - Method-Output Coverage
  - Top-Level Method Coverage
  - No-Exception Top-Level Method Coverage
  - Context Branch Coverage
* Setting up search algorithm for whole suite generation
[MASTER] 15:39:44.146 [pool-2-thread-1] WARN  TestSuiteSerialization - Cannot load tests because file does not exist: C:\Users\ronys\git\fastjson\.evosuite\evosuite-seeds\com.alibaba.fastjson.util.TypeUtils.seed
* Loaded 0 tests from C:\Users\ronys\git\fastjson\.evosuite\evosuite-seeds\com.alibaba.fastjson.util.TypeUtils.seed
* Total number of test goals: 
  - Line 1806
  - Branch 1596
  - Exception 0
  - MutationFactory 842
  - Output 464
  - Method 85
  - MethodNoException 85
  - CBranchFitnessFactory 1596
* Using seed 1583001557071
* Starting evolution
[MASTER] 15:41:44.319 [pool-2-thread-1] WARN  TestChromosome - Functional mock problem: org.evosuite.ga.ConstructionFailedException: Failed to add constructor for com.alibaba.fastjson.parser.ParseContext due to org.evosuite.ga.ConstructionFailedException: Failed to add constructor for java.sql.SQLTransactionRollbackException due to org.evosuite.ga.ConstructionFailedException: Failed to add constructor for java.sql.SQLTimeoutException due to org.evosuite.ga.ConstructionFailedException: Max recursion depth reached
[MASTER] 15:41:57.105 [pool-2-thread-1] WARN  TestChromosome - Functional mock problem: org.evosuite.ga.ConstructionFailedException: No generators of type java.util.Map<java.lang.reflect.TypeVariable, java.lang.reflect.Type>
* Search finished after 503s and 43 generations, 19786 statements, best individual has fitness: 5716.493466834957
* Writing sequences to pool
* Minimizing test suite
[MASTER] 15:49:19.489 [pool-2-thread-1] WARN  TestSuiteMinimizer - Minimization timeout. Roll back to original test suite
* Going to analyze the coverage criteria
* Coverage analysis for criterion LINE
* Coverage of criterion LINE: 48%
* Total number of goals: 1806
* Number of covered goals: 869
* Coverage analysis for criterion BRANCH
* Coverage of criterion BRANCH: 43%
* Total number of goals: 1596
* Number of covered goals: 684
* Coverage analysis for criterion EXCEPTION
* Coverage of criterion EXCEPTION: 100%
* Total number of goals: 58
* Number of covered goals: 58
* Coverage analysis for criterion WEAKMUTATION
* Coverage of criterion WEAKMUTATION: 47%
* Total number of goals: 842
* Number of covered goals: 399
* Coverage analysis for criterion OUTPUT
* Coverage of criterion OUTPUT: 43%
* Total number of goals: 464
* Number of covered goals: 201
* Coverage analysis for criterion METHOD
* Coverage of criterion METHOD: 100%
* Total number of goals: 85
* Number of covered goals: 85
* Coverage analysis for criterion METHODNOEXCEPTION
* Coverage of criterion METHODNOEXCEPTION: 89%
* Total number of goals: 85
* Number of covered goals: 76
* Coverage analysis for criterion CBRANCH
* Coverage of criterion CBRANCH: 37%
* Total number of goals: 1596
* Number of covered goals: 585
* Generated 218 tests with total length 3846
* Resulting test suite's coverage: 63% (average coverage for all fitness functions)
* Generating assertions
[MASTER] 15:49:29.429 [pool-2-thread-1] WARN  GenericClass - Class not found: class com.alibaba.fastjson.parser.deserializer.FastjsonASMDeserializer_1_Object - keeping old class loader 
java.lang.ClassNotFoundException: Class 'com/alibaba/fastjson/parser/deserializer/FastjsonASMDeserializer_1_Object.class' should be in target project, but could not be found!
	at org.evosuite.instrumentation.InstrumentingClassLoader.instrumentClass(InstrumentingClassLoader.java:201) ~[evosuite-master-1.0.6.jar:1.0.6]
	at org.evosuite.instrumentation.InstrumentingClassLoader.loadClass(InstrumentingClassLoader.java:168) ~[evosuite-master-1.0.6.jar:1.0.6]
	at org.evosuite.utils.generic.GenericClass.getClass(GenericClass.java:147) ~[evosuite-master-1.0.6.jar:1.0.6]
	at org.evosuite.utils.generic.GenericClass.changeClassLoader(GenericClass.java:342) ~[evosuite-master-1.0.6.jar:1.0.6]
	at org.evosuite.testcase.variable.VariableReferenceImpl.changeClassLoader(VariableReferenceImpl.java:575) [evosuite-master-1.0.6.jar:1.0.6]
	at org.evosuite.testcase.statements.AbstractStatement.changeClassLoader(AbstractStatement.java:523) [evosuite-master-1.0.6.jar:1.0.6]
	at org.evosuite.testcase.statements.MethodStatement.changeClassLoader(MethodStatement.java:612) [evosuite-master-1.0.6.jar:1.0.6]
	at org.evosuite.testcase.DefaultTestCase.changeClassLoader(DefaultTestCase.java:260) [evosuite-master-1.0.6.jar:1.0.6]
	at org.evosuite.assertion.AssertionGenerator.changeClassLoader(AssertionGenerator.java:234) [evosuite-master-1.0.6.jar:1.0.6]
	at org.evosuite.assertion.MutationAssertionGenerator.setupClassLoader(MutationAssertionGenerator.java:188) [evosuite-master-1.0.6.jar:1.0.6]
	at org.evosuite.assertion.SimpleMutationAssertionGenerator.addAssertions(SimpleMutationAssertionGenerator.java:57) [evosuite-master-1.0.6.jar:1.0.6]
	at org.evosuite.TestSuiteGeneratorHelper.addAssertions(TestSuiteGeneratorHelper.java:285) [evosuite-master-1.0.6.jar:1.0.6]
	at org.evosuite.TestSuiteGenerator.postProcessTests(TestSuiteGenerator.java:520) [evosuite-master-1.0.6.jar:1.0.6]
	at org.evosuite.TestSuiteGenerator.generateTestSuite(TestSuiteGenerator.java:238) [evosuite-master-1.0.6.jar:1.0.6]
	at org.evosuite.rmi.service.ClientNodeImpl$1.run(ClientNodeImpl.java:145) [evosuite-master-1.0.6.jar:1.0.6]
	at java.util.concurrent.Executors$RunnableAdapter.call(Executors.java:511) [na:1.8.0_231]
	at java.util.concurrent.FutureTask.run(FutureTask.java:266) [na:1.8.0_231]
	at java.util.concurrent.ThreadPoolExecutor.runWorker(ThreadPoolExecutor.java:1149) [na:1.8.0_231]
	at java.util.concurrent.ThreadPoolExecutor$Worker.run(ThreadPoolExecutor.java:624) [na:1.8.0_231]
	at java.lang.Thread.run(Thread.java:748) [na:1.8.0_231]
Caused by: java.lang.ClassNotFoundException: Class 'com/alibaba/fastjson/parser/deserializer/FastjsonASMDeserializer_1_Object.class' should be in target project, but could not be found!
	at org.evosuite.instrumentation.InstrumentingClassLoader.instrumentClass(InstrumentingClassLoader.java:188) ~[evosuite-master-1.0.6.jar:1.0.6]
	... 19 common frames omitted
[MASTER] 15:49:29.642 [pool-2-thread-1] WARN  GenericClass - Class not found: class com.alibaba.fastjson.parser.deserializer.FastjsonASMDeserializer_1_Point - keeping old class loader 
java.lang.ClassNotFoundException: Class 'com/alibaba/fastjson/parser/deserializer/FastjsonASMDeserializer_1_Point.class' should be in target project, but could not be found!
	at org.evosuite.instrumentation.InstrumentingClassLoader.instrumentClass(InstrumentingClassLoader.java:201) ~[evosuite-master-1.0.6.jar:1.0.6]
	at org.evosuite.instrumentation.InstrumentingClassLoader.loadClass(InstrumentingClassLoader.java:168) ~[evosuite-master-1.0.6.jar:1.0.6]
	at org.evosuite.utils.generic.GenericClass.getClass(GenericClass.java:147) ~[evosuite-master-1.0.6.jar:1.0.6]
	at org.evosuite.utils.generic.GenericClass.changeClassLoader(GenericClass.java:342) ~[evosuite-master-1.0.6.jar:1.0.6]
	at org.evosuite.testcase.variable.VariableReferenceImpl.changeClassLoader(VariableReferenceImpl.java:575) [evosuite-master-1.0.6.jar:1.0.6]
	at org.evosuite.testcase.statements.AbstractStatement.changeClassLoader(AbstractStatement.java:523) [evosuite-master-1.0.6.jar:1.0.6]
	at org.evosuite.testcase.statements.MethodStatement.changeClassLoader(MethodStatement.java:612) [evosuite-master-1.0.6.jar:1.0.6]
	at org.evosuite.testcase.DefaultTestCase.changeClassLoader(DefaultTestCase.java:260) [evosuite-master-1.0.6.jar:1.0.6]
	at org.evosuite.assertion.AssertionGenerator.changeClassLoader(AssertionGenerator.java:234) [evosuite-master-1.0.6.jar:1.0.6]
	at org.evosuite.assertion.MutationAssertionGenerator.setupClassLoader(MutationAssertionGenerator.java:188) [evosuite-master-1.0.6.jar:1.0.6]
	at org.evosuite.assertion.SimpleMutationAssertionGenerator.addAssertions(SimpleMutationAssertionGenerator.java:57) [evosuite-master-1.0.6.jar:1.0.6]
	at org.evosuite.TestSuiteGeneratorHelper.addAssertions(TestSuiteGeneratorHelper.java:285) [evosuite-master-1.0.6.jar:1.0.6]
	at org.evosuite.TestSuiteGenerator.postProcessTests(TestSuiteGenerator.java:520) [evosuite-master-1.0.6.jar:1.0.6]
	at org.evosuite.TestSuiteGenerator.generateTestSuite(TestSuiteGenerator.java:238) [evosuite-master-1.0.6.jar:1.0.6]
	at org.evosuite.rmi.service.ClientNodeImpl$1.run(ClientNodeImpl.java:145) [evosuite-master-1.0.6.jar:1.0.6]
	at java.util.concurrent.Executors$RunnableAdapter.call(Executors.java:511) [na:1.8.0_231]
	at java.util.concurrent.FutureTask.run(FutureTask.java:266) [na:1.8.0_231]
	at java.util.concurrent.ThreadPoolExecutor.runWorker(ThreadPoolExecutor.java:1149) [na:1.8.0_231]
	at java.util.concurrent.ThreadPoolExecutor$Worker.run(ThreadPoolExecutor.java:624) [na:1.8.0_231]
	at java.lang.Thread.run(Thread.java:748) [na:1.8.0_231]
Caused by: java.lang.ClassNotFoundException: Class 'com/alibaba/fastjson/parser/deserializer/FastjsonASMDeserializer_1_Point.class' should be in target project, but could not be found!
	at org.evosuite.instrumentation.InstrumentingClassLoader.instrumentClass(InstrumentingClassLoader.java:188) ~[evosuite-master-1.0.6.jar:1.0.6]
	... 19 common frames omitted
[MASTER] 15:49:29.660 [pool-2-thread-1] WARN  GenericClass - Class not found: class com.alibaba.fastjson.parser.deserializer.FastjsonASMDeserializer_1_Object - keeping old class loader 
java.lang.ClassNotFoundException: Class 'com/alibaba/fastjson/parser/deserializer/FastjsonASMDeserializer_1_Object.class' should be in target project, but could not be found!
	at org.evosuite.instrumentation.InstrumentingClassLoader.instrumentClass(InstrumentingClassLoader.java:201) ~[evosuite-master-1.0.6.jar:1.0.6]
	at org.evosuite.instrumentation.InstrumentingClassLoader.loadClass(InstrumentingClassLoader.java:168) ~[evosuite-master-1.0.6.jar:1.0.6]
	at org.evosuite.utils.generic.GenericClass.getClass(GenericClass.java:147) ~[evosuite-master-1.0.6.jar:1.0.6]
	at org.evosuite.utils.generic.GenericClass.changeClassLoader(GenericClass.java:342) ~[evosuite-master-1.0.6.jar:1.0.6]
	at org.evosuite.testcase.variable.VariableReferenceImpl.changeClassLoader(VariableReferenceImpl.java:575) [evosuite-master-1.0.6.jar:1.0.6]
	at org.evosuite.testcase.statements.AbstractStatement.changeClassLoader(AbstractStatement.java:523) [evosuite-master-1.0.6.jar:1.0.6]
	at org.evosuite.testcase.statements.MethodStatement.changeClassLoader(MethodStatement.java:612) [evosuite-master-1.0.6.jar:1.0.6]
	at org.evosuite.testcase.DefaultTestCase.changeClassLoader(DefaultTestCase.java:260) [evosuite-master-1.0.6.jar:1.0.6]
	at org.evosuite.assertion.AssertionGenerator.changeClassLoader(AssertionGenerator.java:234) [evosuite-master-1.0.6.jar:1.0.6]
	at org.evosuite.assertion.MutationAssertionGenerator.setupClassLoader(MutationAssertionGenerator.java:188) [evosuite-master-1.0.6.jar:1.0.6]
	at org.evosuite.assertion.SimpleMutationAssertionGenerator.addAssertions(SimpleMutationAssertionGenerator.java:57) [evosuite-master-1.0.6.jar:1.0.6]
	at org.evosuite.TestSuiteGeneratorHelper.addAssertions(TestSuiteGeneratorHelper.java:285) [evosuite-master-1.0.6.jar:1.0.6]
	at org.evosuite.TestSuiteGenerator.postProcessTests(TestSuiteGenerator.java:520) [evosuite-master-1.0.6.jar:1.0.6]
	at org.evosuite.TestSuiteGenerator.generateTestSuite(TestSuiteGenerator.java:238) [evosuite-master-1.0.6.jar:1.0.6]
	at org.evosuite.rmi.service.ClientNodeImpl$1.run(ClientNodeImpl.java:145) [evosuite-master-1.0.6.jar:1.0.6]
	at java.util.concurrent.Executors$RunnableAdapter.call(Executors.java:511) [na:1.8.0_231]
	at java.util.concurrent.FutureTask.run(FutureTask.java:266) [na:1.8.0_231]
	at java.util.concurrent.ThreadPoolExecutor.runWorker(ThreadPoolExecutor.java:1149) [na:1.8.0_231]
	at java.util.concurrent.ThreadPoolExecutor$Worker.run(ThreadPoolExecutor.java:624) [na:1.8.0_231]
	at java.lang.Thread.run(Thread.java:748) [na:1.8.0_231]
Caused by: java.lang.ClassNotFoundException: Class 'com/alibaba/fastjson/parser/deserializer/FastjsonASMDeserializer_1_Object.class' should be in target project, but could not be found!
	at org.evosuite.instrumentation.InstrumentingClassLoader.instrumentClass(InstrumentingClassLoader.java:188) ~[evosuite-master-1.0.6.jar:1.0.6]
	... 19 common frames omitted
[MASTER] 15:49:29.665 [pool-2-thread-1] WARN  GenericClass - Class not found: class com.alibaba.fastjson.parser.deserializer.FastjsonASMDeserializer_1_Object - keeping old class loader 
java.lang.ClassNotFoundException: Class 'com/alibaba/fastjson/parser/deserializer/FastjsonASMDeserializer_1_Object.class' should be in target project, but could not be found!
	at org.evosuite.instrumentation.InstrumentingClassLoader.instrumentClass(InstrumentingClassLoader.java:201) ~[evosuite-master-1.0.6.jar:1.0.6]
	at org.evosuite.instrumentation.InstrumentingClassLoader.loadClass(InstrumentingClassLoader.java:168) ~[evosuite-master-1.0.6.jar:1.0.6]
	at org.evosuite.utils.generic.GenericClass.getClass(GenericClass.java:147) ~[evosuite-master-1.0.6.jar:1.0.6]
	at org.evosuite.utils.generic.GenericClass.changeClassLoader(GenericClass.java:342) ~[evosuite-master-1.0.6.jar:1.0.6]
	at org.evosuite.testcase.variable.VariableReferenceImpl.changeClassLoader(VariableReferenceImpl.java:575) [evosuite-master-1.0.6.jar:1.0.6]
	at org.evosuite.testcase.statements.AbstractStatement.changeClassLoader(AbstractStatement.java:523) [evosuite-master-1.0.6.jar:1.0.6]
	at org.evosuite.testcase.statements.MethodStatement.changeClassLoader(MethodStatement.java:612) [evosuite-master-1.0.6.jar:1.0.6]
	at org.evosuite.testcase.DefaultTestCase.changeClassLoader(DefaultTestCase.java:260) [evosuite-master-1.0.6.jar:1.0.6]
	at org.evosuite.assertion.AssertionGenerator.changeClassLoader(AssertionGenerator.java:234) [evosuite-master-1.0.6.jar:1.0.6]
	at org.evosuite.assertion.MutationAssertionGenerator.setupClassLoader(MutationAssertionGenerator.java:188) [evosuite-master-1.0.6.jar:1.0.6]
	at org.evosuite.assertion.SimpleMutationAssertionGenerator.addAssertions(SimpleMutationAssertionGenerator.java:57) [evosuite-master-1.0.6.jar:1.0.6]
	at org.evosuite.TestSuiteGeneratorHelper.addAssertions(TestSuiteGeneratorHelper.java:285) [evosuite-master-1.0.6.jar:1.0.6]
	at org.evosuite.TestSuiteGenerator.postProcessTests(TestSuiteGenerator.java:520) [evosuite-master-1.0.6.jar:1.0.6]
	at org.evosuite.TestSuiteGenerator.generateTestSuite(TestSuiteGenerator.java:238) [evosuite-master-1.0.6.jar:1.0.6]
	at org.evosuite.rmi.service.ClientNodeImpl$1.run(ClientNodeImpl.java:145) [evosuite-master-1.0.6.jar:1.0.6]
	at java.util.concurrent.Executors$RunnableAdapter.call(Executors.java:511) [na:1.8.0_231]
	at java.util.concurrent.FutureTask.run(FutureTask.java:266) [na:1.8.0_231]
	at java.util.concurrent.ThreadPoolExecutor.runWorker(ThreadPoolExecutor.java:1149) [na:1.8.0_231]
	at java.util.concurrent.ThreadPoolExecutor$Worker.run(ThreadPoolExecutor.java:624) [na:1.8.0_231]
	at java.lang.Thread.run(Thread.java:748) [na:1.8.0_231]
Caused by: java.lang.ClassNotFoundException: Class 'com/alibaba/fastjson/parser/deserializer/FastjsonASMDeserializer_1_Object.class' should be in target project, but could not be found!
	at org.evosuite.instrumentation.InstrumentingClassLoader.instrumentClass(InstrumentingClassLoader.java:188) ~[evosuite-master-1.0.6.jar:1.0.6]
	... 19 common frames omitted
[MASTER] 15:49:29.674 [pool-2-thread-1] WARN  GenericClass - Class not found: class com.alibaba.fastjson.parser.deserializer.FastjsonASMDeserializer_1_Object - keeping old class loader 
java.lang.ClassNotFoundException: Class 'com/alibaba/fastjson/parser/deserializer/FastjsonASMDeserializer_1_Object.class' should be in target project, but could not be found!
	at org.evosuite.instrumentation.InstrumentingClassLoader.instrumentClass(InstrumentingClassLoader.java:201) ~[evosuite-master-1.0.6.jar:1.0.6]
	at org.evosuite.instrumentation.InstrumentingClassLoader.loadClass(InstrumentingClassLoader.java:168) ~[evosuite-master-1.0.6.jar:1.0.6]
	at org.evosuite.utils.generic.GenericClass.getClass(GenericClass.java:147) ~[evosuite-master-1.0.6.jar:1.0.6]
	at org.evosuite.utils.generic.GenericClass.changeClassLoader(GenericClass.java:342) ~[evosuite-master-1.0.6.jar:1.0.6]
	at org.evosuite.testcase.variable.VariableReferenceImpl.changeClassLoader(VariableReferenceImpl.java:575) [evosuite-master-1.0.6.jar:1.0.6]
	at org.evosuite.testcase.statements.AbstractStatement.changeClassLoader(AbstractStatement.java:523) [evosuite-master-1.0.6.jar:1.0.6]
	at org.evosuite.testcase.statements.MethodStatement.changeClassLoader(MethodStatement.java:612) [evosuite-master-1.0.6.jar:1.0.6]
	at org.evosuite.testcase.DefaultTestCase.changeClassLoader(DefaultTestCase.java:260) [evosuite-master-1.0.6.jar:1.0.6]
	at org.evosuite.assertion.AssertionGenerator.changeClassLoader(AssertionGenerator.java:234) [evosuite-master-1.0.6.jar:1.0.6]
	at org.evosuite.assertion.MutationAssertionGenerator.setupClassLoader(MutationAssertionGenerator.java:188) [evosuite-master-1.0.6.jar:1.0.6]
	at org.evosuite.assertion.SimpleMutationAssertionGenerator.addAssertions(SimpleMutationAssertionGenerator.java:57) [evosuite-master-1.0.6.jar:1.0.6]
	at org.evosuite.TestSuiteGeneratorHelper.addAssertions(TestSuiteGeneratorHelper.java:285) [evosuite-master-1.0.6.jar:1.0.6]
	at org.evosuite.TestSuiteGenerator.postProcessTests(TestSuiteGenerator.java:520) [evosuite-master-1.0.6.jar:1.0.6]
	at org.evosuite.TestSuiteGenerator.generateTestSuite(TestSuiteGenerator.java:238) [evosuite-master-1.0.6.jar:1.0.6]
	at org.evosuite.rmi.service.ClientNodeImpl$1.run(ClientNodeImpl.java:145) [evosuite-master-1.0.6.jar:1.0.6]
	at java.util.concurrent.Executors$RunnableAdapter.call(Executors.java:511) [na:1.8.0_231]
	at java.util.concurrent.FutureTask.run(FutureTask.java:266) [na:1.8.0_231]
	at java.util.concurrent.ThreadPoolExecutor.runWorker(ThreadPoolExecutor.java:1149) [na:1.8.0_231]
	at java.util.concurrent.ThreadPoolExecutor$Worker.run(ThreadPoolExecutor.java:624) [na:1.8.0_231]
	at java.lang.Thread.run(Thread.java:748) [na:1.8.0_231]
Caused by: java.lang.ClassNotFoundException: Class 'com/alibaba/fastjson/parser/deserializer/FastjsonASMDeserializer_1_Object.class' should be in target project, but could not be found!
	at org.evosuite.instrumentation.InstrumentingClassLoader.instrumentClass(InstrumentingClassLoader.java:188) ~[evosuite-master-1.0.6.jar:1.0.6]
	... 19 common frames omitted
[MASTER] 15:49:29.685 [pool-2-thread-1] WARN  GenericClass - Class not found: class com.alibaba.fastjson.parser.deserializer.FastjsonASMDeserializer_1_Object - keeping old class loader 
java.lang.ClassNotFoundException: Class 'com/alibaba/fastjson/parser/deserializer/FastjsonASMDeserializer_1_Object.class' should be in target project, but could not be found!
	at org.evosuite.instrumentation.InstrumentingClassLoader.instrumentClass(InstrumentingClassLoader.java:201) ~[evosuite-master-1.0.6.jar:1.0.6]
	at org.evosuite.instrumentation.InstrumentingClassLoader.loadClass(InstrumentingClassLoader.java:168) ~[evosuite-master-1.0.6.jar:1.0.6]
	at org.evosuite.utils.generic.GenericClass.getClass(GenericClass.java:147) ~[evosuite-master-1.0.6.jar:1.0.6]
	at org.evosuite.utils.generic.GenericClass.changeClassLoader(GenericClass.java:342) ~[evosuite-master-1.0.6.jar:1.0.6]
	at org.evosuite.testcase.variable.VariableReferenceImpl.changeClassLoader(VariableReferenceImpl.java:575) [evosuite-master-1.0.6.jar:1.0.6]
	at org.evosuite.testcase.statements.AbstractStatement.changeClassLoader(AbstractStatement.java:523) [evosuite-master-1.0.6.jar:1.0.6]
	at org.evosuite.testcase.statements.MethodStatement.changeClassLoader(MethodStatement.java:612) [evosuite-master-1.0.6.jar:1.0.6]
	at org.evosuite.testcase.DefaultTestCase.changeClassLoader(DefaultTestCase.java:260) [evosuite-master-1.0.6.jar:1.0.6]
	at org.evosuite.assertion.AssertionGenerator.changeClassLoader(AssertionGenerator.java:234) [evosuite-master-1.0.6.jar:1.0.6]
	at org.evosuite.assertion.MutationAssertionGenerator.setupClassLoader(MutationAssertionGenerator.java:188) [evosuite-master-1.0.6.jar:1.0.6]
	at org.evosuite.assertion.SimpleMutationAssertionGenerator.addAssertions(SimpleMutationAssertionGenerator.java:57) [evosuite-master-1.0.6.jar:1.0.6]
	at org.evosuite.TestSuiteGeneratorHelper.addAssertions(TestSuiteGeneratorHelper.java:285) [evosuite-master-1.0.6.jar:1.0.6]
	at org.evosuite.TestSuiteGenerator.postProcessTests(TestSuiteGenerator.java:520) [evosuite-master-1.0.6.jar:1.0.6]
	at org.evosuite.TestSuiteGenerator.generateTestSuite(TestSuiteGenerator.java:238) [evosuite-master-1.0.6.jar:1.0.6]
	at org.evosuite.rmi.service.ClientNodeImpl$1.run(ClientNodeImpl.java:145) [evosuite-master-1.0.6.jar:1.0.6]
	at java.util.concurrent.Executors$RunnableAdapter.call(Executors.java:511) [na:1.8.0_231]
	at java.util.concurrent.FutureTask.run(FutureTask.java:266) [na:1.8.0_231]
	at java.util.concurrent.ThreadPoolExecutor.runWorker(ThreadPoolExecutor.java:1149) [na:1.8.0_231]
	at java.util.concurrent.ThreadPoolExecutor$Worker.run(ThreadPoolExecutor.java:624) [na:1.8.0_231]
	at java.lang.Thread.run(Thread.java:748) [na:1.8.0_231]
Caused by: java.lang.ClassNotFoundException: Class 'com/alibaba/fastjson/parser/deserializer/FastjsonASMDeserializer_1_Object.class' should be in target project, but could not be found!
	at org.evosuite.instrumentation.InstrumentingClassLoader.instrumentClass(InstrumentingClassLoader.java:188) ~[evosuite-master-1.0.6.jar:1.0.6]
	... 19 common frames omitted
[MASTER] 15:50:06.066 [pool-2-thread-1] WARN  SimpleMutationAssertionGenerator - Assertion minimization is taking too long (0.6809333333333333% of time used, but only 24/218 tests minimized), falling back to using all assertions
* Resulting test suite's mutation score: 3%
* Compiling and checking tests
